build/app/outputs/mapping/devRelease/seeds.txt
com.google.android.gms.internal.firebase-auth-api.zzdi: com.google.android.gms.internal.firebase-auth-api.zzdk zzf
com.google.android.gms.internal.fido.zzh: com.google.android.gms.internal.fido.zzbj zzb
com.google.android.recaptcha.internal.zzmj: int zzd
com.google.android.recaptcha.internal.zzge: com.google.android.recaptcha.internal.zzge zzb
com.google.android.play.core.integrity.a: java.lang.Long b
com.google.android.gms.internal.firebase-auth-api.zzafz: int zzk
io.flutter.view.AccessibilityViewEmbedder: android.util.SparseArray flutterIdToOrigin
com.google.android.gms.internal.firebase-auth-api.zzyc: com.google.android.gms.internal.firebase-auth-api.zzabu zza
com.google.android.gms.internal.firebase-auth-api.zzakb: com.google.android.gms.internal.firebase-auth-api.zzakb zzq
kotlinx.coroutines.CancelledContinuation: int _resumed
com.google.android.gms.internal.measurement.zzfz: int zzd
com.google.android.gms.internal.firebase-auth-api.zzabp: com.google.android.gms.internal.firebase-auth-api.zzabm zzf
com.google.android.gms.internal.auth.zzev: int[] zzb
com.google.android.gms.internal.measurement.zzft: int zzd
com.google.android.gms.internal.measurement.zzha: java.util.HashMap zzh
com.google.android.gms.internal.firebase-auth-api.zznu: com.google.android.gms.internal.firebase-auth-api.zznu zza
com.google.android.gms.internal.measurement.zzhe: com.google.android.gms.internal.measurement.zzhf zza
com.google.android.recaptcha.internal.zzfg: com.google.android.recaptcha.internal.zzff zza
com.google.android.recaptcha.internal.zzd: com.google.android.recaptcha.internal.zzd zzb
com.google.android.gms.internal.firebase-auth-api.zzaiy: java.lang.Object zzc
com.google.android.gms.internal.firebase-auth-api.zzse: int zzd
com.google.android.gms.internal.measurement.zzlm: java.lang.Object zzn
com.google.android.gms.internal.measurement.zzfh: int zzd
com.google.android.recaptcha.internal.zzib: int zzm
com.google.android.gms.internal.firebase-auth-api.zzajc: com.google.android.gms.internal.firebase-auth-api.zzaje zza
com.dexterous.flutterlocalnotifications.FlutterLocalNotificationsPlugin: java.lang.String ZONED_SCHEDULE_METHOD
com.google.android.gms.internal.location.zzda: androidx.collection.SimpleArrayMap zzh
com.google.android.gms.internal.measurement.zzgp: com.google.android.gms.internal.measurement.zzgp zza
com.google.android.recaptcha.internal.zzka: com.google.android.recaptcha.internal.zzjd zzc
com.google.android.gms.internal.measurement.zzhp: java.lang.Object zzb
com.google.android.gms.internal.firebase-auth-api.zzwu: java.lang.String zzd
com.google.android.gms.internal.firebase-auth-api.zzll: java.lang.Class zza
com.google.android.gms.internal.firebase-auth-api.zzfc: com.google.android.gms.internal.firebase-auth-api.zzke zzf
com.google.android.gms.internal.firebase-auth-api.zzyx: java.lang.String zzc
com.google.android.recaptcha.internal.zzd: com.google.android.recaptcha.internal.zzd zzI
com.google.android.recaptcha.internal.zzmf: com.google.android.recaptcha.internal.zzmf zzd
com.dexterous.flutterlocalnotifications.FlutterLocalNotificationsPlugin: java.lang.String SHOW_METHOD
com.google.android.gms.internal.measurement.zzhy: boolean zzd
com.google.android.gms.internal.auth-api.zbba: com.google.android.gms.common.Feature zbb
com.google.android.recaptcha.RecaptchaAction: com.google.android.recaptcha.RecaptchaAction SIGNUP
com.dexterous.flutterlocalnotifications.models.NotificationDetails: java.lang.String TIME_ZONE_NAME
com.dexterous.flutterlocalnotifications.models.PersonDetails: com.dexterous.flutterlocalnotifications.models.IconSource iconBitmapSource
com.google.android.gms.internal.firebase-auth-api.zzby: java.util.List zzb
com.google.android.gms.internal.measurement.zzbl: com.google.android.gms.internal.measurement.zzbl zzb
com.google.android.gms.common.internal.BaseGmsClient: java.lang.String zzk
com.google.android.gms.internal.measurement.zzkt: com.google.android.gms.internal.measurement.zzkt zzU