build/app/outputs/mapping/devRelease/mapping.txt
# compiler: R8
# compiler_version: 3.0.76
# min_api: 21
# pg_map_id: 0875939
# common_typos_disable
...
kotlinx.coroutines.internal.ThreadContextKt$updateState$1 -> kotlinx.coroutines.internal.j0$c:
    kotlinx.coroutines.internal.ThreadContextKt$updateState$1 INSTANCE -> f
    kotlinx.coroutines.internal.ThreadState invoke(kotlinx.coroutines.internal.ThreadState,kotlin.coroutines.CoroutineContext$Element) -> b
kotlinx.coroutines.internal.ThreadSafeHeap -> kotlinx.coroutines.internal.k0:
    void addImpl(kotlinx.coroutines.internal.ThreadSafeHeapNode) -> a
    kotlinx.coroutines.internal.ThreadSafeHeapNode firstImpl() -> b
    int getSize() -> c
    boolean isEmpty() -> d
    kotlinx.coroutines.internal.ThreadSafeHeapNode peek() -> e
    kotlinx.coroutines.internal.ThreadSafeHeapNode[] realloc() -> f
    boolean remove(kotlinx.coroutines.internal.ThreadSafeHeapNode) -> g
    kotlinx.coroutines.internal.ThreadSafeHeapNode removeAtImpl(int) -> h
    kotlinx.coroutines.internal.ThreadSafeHeapNode removeFirstOrNull() -> i
    void setSize(int) -> j
    void siftDownFrom(int) -> k
    void siftUpFrom(int) -> l
    void swap(int,int) -> m
kotlinx.coroutines.internal.ThreadSafeHeapNode -> kotlinx.coroutines.internal.l0:
    void setIndex(int) -> a
    void setHeap(kotlinx.coroutines.internal.ThreadSafeHeap) -> c
    int getIndex() -> d
    kotlinx.coroutines.internal.ThreadSafeHeap getHeap() -> e
kotlinx.coroutines.internal.ThreadState -> kotlinx.coroutines.internal.m0:
    java.lang.Object[] values -> b
    kotlinx.coroutines.ThreadContextElement[] elements -> c
    int i -> d
    kotlin.coroutines.CoroutineContext context -> a
    void append(kotlinx.coroutines.ThreadContextElement,java.lang.Object) -> a
    void restore(kotlin.coroutines.CoroutineContext) -> b
kotlinx.coroutines.internal.UndeliveredElementException -> kotlinx.coroutines.internal.n0:
kotlinx.coroutines.internal.WeakMapCtorCache -> kotlinx.coroutines.internal.o0:
    kotlinx.coroutines.internal.WeakMapCtorCache INSTANCE -> a
    java.util.WeakHashMap exceptionCtors -> c
    java.util.concurrent.locks.ReentrantReadWriteLock cacheLock -> b
    kotlin.jvm.functions.Function1 get(java.lang.Class) -> a
kotlinx.coroutines.intrinsics.CancellableKt -> a6.a:
    void dispatcherFailure(kotlin.coroutines.Continuation,java.lang.Throwable) -> a
    void startCoroutineCancellable(kotlin.coroutines.Continuation,kotlin.coroutines.Continuation) -> b
    void startCoroutineCancellable(kotlin.jvm.functions.Function2,java.lang.Object,kotlin.coroutines.Continuation,kotlin.jvm.functions.Function1) -> c
    void startCoroutineCancellable$default(kotlin.jvm.functions.Function2,java.lang.Object,kotlin.coroutines.Continuation,kotlin.jvm.functions.Function1,int,java.lang.Object) -> d
kotlinx.coroutines.intrinsics.UndispatchedKt -> a6.b:
    void startCoroutineUndispatched(kotlin.jvm.functions.Function2,java.lang.Object,kotlin.coroutines.Continuation) -> a
    java.lang.Object startUndispatchedOrReturn(kotlinx.coroutines.internal.ScopeCoroutine,java.lang.Object,kotlin.jvm.functions.Function2) -> b
    java.lang.Object startUndispatchedOrReturnIgnoreTimeout(kotlinx.coroutines.internal.ScopeCoroutine,java.lang.Object,kotlin.jvm.functions.Function2) -> c