build/app/outputs/mapping/devRelease/usage.txt
com.google.android.datatransport.runtime.firebase.transport.GlobalMetrics:
    private static final com.google.android.datatransport.runtime.firebase.transport.GlobalMetrics DEFAULT_INSTANCE
com.google.android.datatransport.runtime.firebase.transport.LogEventDropped:
    private static final com.google.android.datatransport.runtime.firebase.transport.LogEventDropped DEFAULT_INSTANCE
com.google.android.datatransport.runtime.firebase.transport.LogSourceMetrics:
    private static final com.google.android.datatransport.runtime.firebase.transport.LogSourceMetrics DEFAULT_INSTANCE
com.google.android.datatransport.runtime.firebase.transport.StorageMetrics:
    private static final com.google.android.datatransport.runtime.firebase.transport.StorageMetrics DEFAULT_INSTANCE
com.google.android.datatransport.runtime.firebase.transport.TimeWindow:
    private static final com.google.android.datatransport.runtime.firebase.transport.TimeWindow DEFAULT_INSTANCE
com.google.android.gms.auth.GooglePlayServicesAvailabilityException:
    private final int zza
com.google.android.gms.auth.account.WorkAccount:
    public static final com.google.android.gms.auth.account.WorkAccountApi WorkAccountApi
com.google.android.gms.auth.account.WorkAccountApi
com.google.android.gms.auth.api.Auth:
    public static final com.google.android.gms.auth.api.credentials.CredentialsApi CredentialsApi
    public static final com.google.android.gms.auth.api.signin.GoogleSignInApi GoogleSignInApi
    public static final com.google.android.gms.common.api.Api PROXY_API
    public static final com.google.android.gms.auth.api.proxy.ProxyApi ProxyApi
com.google.android.gms.auth.api.accounttransfer.zzr:
    public final android.os.Bundle zza()
com.google.android.gms.auth.api.credentials.CredentialsApi
com.google.android.gms.auth.api.proxy.ProxyRequest:
    public static final int HTTP_METHOD_DELETE
    public static final int HTTP_METHOD_GET
    public static final int HTTP_METHOD_HEAD
    public static final int HTTP_METHOD_OPTIONS
    public static final int HTTP_METHOD_PATCH
    public static final int HTTP_METHOD_POST
    public static final int HTTP_METHOD_PUT
    public static final int HTTP_METHOD_TRACE
    public static final int LAST_CODE
com.google.android.gms.auth.api.signin.GoogleSignInApi
com.google.android.gms.auth.api.signin.GoogleSignInOptions:
    private java.util.Map zaq
com.google.android.gms.auth.zze:
    public static final com.google.android.gms.common.Feature[] zzm
com.google.android.gms.common.GoogleApiAvailability:
    public static final int GOOGLE_PLAY_SERVICES_VERSION_CODE
com.google.android.gms.common.GooglePlayServicesManifestException:
    private final int zza
com.google.android.gms.common.GoogleSignatureVerifier:
    private static volatile java.util.Set zzb
com.google.android.gms.common.api.HasApiKey
com.google.android.gms.common.api.Status:
    public static final com.google.android.gms.common.api.Status RESULT_DEAD_CLIENT
    public static final com.google.android.gms.common.api.Status RESULT_SUCCESS_CACHE
    public static final com.google.android.gms.common.api.Status zza
com.google.android.gms.common.api.internal.NonGmsServiceBrokerClient:
    private static final java.lang.String zaa
    private java.lang.String zal
com.google.android.gms.common.api.internal.zaag:
    private final java.lang.String zaa
com.google.android.gms.common.api.internal.zadb:
    final synthetic com.google.android.gms.common.api.internal.zadc zaa
com.google.android.gms.common.api.internal.zadc
com.google.android.gms.common.internal.ClientSettings:
    private final int zae
    private final android.view.View zaf
com.google.android.gms.common.internal.zap:
    final synthetic com.google.android.gms.common.internal.zas zad
com.google.android.gms.common.internal.zzah:
    private static java.lang.String zzc
com.google.android.gms.common.logging.Logger:
    private final com.google.android.gms.common.internal.GmsLogger zzc